Build started 23/06/2017 15:44:34.
     1>Project "C:\data\work\projects\testsm\switch\iter2\tests\build\InyectorControlAct\InyectorControlAct.vcxproj" on node 2 (Build target(s)).
     1>ClCompile:
         C:\Program Files\Microsoft Visual Studio 11.0\VC\bin\CL.exe /c /I"C:\data\work\projects\testsm\switch\iter2\tests\build\InyectorControlAct\..\..\..\..\third-party\ceedling\vendor\unity\extras\fixture\src" /I"C:\data\work\projects\testsm\switch\iter2\tests\build\InyectorControlAct\..\..\..\..\third-party\ceedling\vendor\unity\src" /IC:\data\work\projects\testsm\switch\iter2\tests\build\InyectorControlAct\..\ /IC:\data\work\projects\testsm\switch\iter2\tests\build\InyectorControlAct\..\..\InyectorControlAct\stub\mocks /I"C:\data\work\projects\testsm\switch\iter2\tests\build\InyectorControlAct\..\..\..\..\third-party\ceedling\vendor\cmock\src" /IC:\data\work\projects\testsm\switch\iter2\tests\build\InyectorControlAct\..\..\..\inc /ZI /nologo /W3 /WX- /Od /Oy- /D WIN32 /D _DEBUG /D _CONSOLE /D _UNICODE /D UNICODE /Gm /EHsc /RTC1 /MDd /GS /fp:precise /Zc:wchar_t /Zc:forScope /Fo"Debug\\" /Fd"Debug\vc110.pdb" /Gd /TC /analyze- /errorReport:prompt ..\..\InyectorControlAct\test_InyectorControlAct.c
         test_InyectorControlAct.c
     1>c:\data\work\projects\testsm\switch\iter2\tests\inyectorcontrolact\test_inyectorcontrolact.c(19): fatal error C1083: Cannot open include file: 'Mock_PWMInyector.h': No such file or directory
     1>Done Building Project "C:\data\work\projects\testsm\switch\iter2\tests\build\InyectorControlAct\InyectorControlAct.vcxproj" (Build target(s)) -- FAILED.

Build FAILED.

Time Elapsed 00:00:00.22
